<?xml version="1.0" encoding="UTF-8"?>
<testsuite xmlns:xsi="http://www.w3.org/2001/XMLSchema-instance" xsi:noNamespaceSchemaLocation="https://maven.apache.org/surefire/maven-surefire-plugin/xsd/surefire-test-report.xsd" name="com.gp321.app.ApplicationTest" time="0" tests="8" errors="0" skipped="0" failures="0">
  <properties>
    <property name="java.specification.version" value="21"/>
    <property name="sun.jnu.encoding" value="UTF-8"/>
    <property name="java.class.path" value="/Users/safisalem/Desktop/code/cs321/cs321_groupProject/target/test-classes:/Users/safisalem/Desktop/code/cs321/cs321_groupProject/target/classes:/Users/safisalem/.m2/repository/junit/junit/4.13/junit-4.13.jar:/Users/safisalem/.m2/repository/org/openjfx/javafx-controls/11/javafx-controls-11.jar:/Users/safisalem/.m2/repository/org/openjfx/javafx-controls/11/javafx-controls-11-mac.jar:/Users/safisalem/.m2/repository/org/openjfx/javafx-graphics/11/javafx-graphics-11.jar:/Users/safisalem/.m2/repository/org/openjfx/javafx-graphics/11/javafx-graphics-11-mac.jar:/Users/safisalem/.m2/repository/org/openjfx/javafx-base/11/javafx-base-11.jar:/Users/safisalem/.m2/repository/org/openjfx/javafx-base/11/javafx-base-11-mac.jar:/Users/safisalem/.m2/repository/org/hamcrest/hamcrest-core/1.3/hamcrest-core-1.3.jar:/Users/safisalem/.m2/repository/org/junit/jupiter/junit-jupiter-engine/5.7.1/junit-jupiter-engine-5.7.1.jar:/Users/safisalem/.m2/repository/org/apiguardian/apiguardian-api/1.1.0/apiguardian-api-1.1.0.jar:/Users/safisalem/.m2/repository/org/junit/platform/junit-platform-engine/1.7.1/junit-platform-engine-1.7.1.jar:/Users/safisalem/.m2/repository/org/opentest4j/opentest4j/1.2.0/opentest4j-1.2.0.jar:/Users/safisalem/.m2/repository/org/junit/platform/junit-platform-commons/1.7.1/junit-platform-commons-1.7.1.jar:/Users/safisalem/.m2/repository/org/junit/jupiter/junit-jupiter-api/5.7.1/junit-jupiter-api-5.7.1.jar:/Users/safisalem/.m2/repository/org/junit/platform/junit-platform-runner/1.2.0/junit-platform-runner-1.2.0.jar:/Users/safisalem/.m2/repository/org/junit/platform/junit-platform-launcher/1.2.0/junit-platform-launcher-1.2.0.jar:/Users/safisalem/.m2/repository/org/junit/platform/junit-platform-suite-api/1.2.0/junit-platform-suite-api-1.2.0.jar:/Users/safisalem/.m2/repository/org/mockito/mockito-core/5.2.0/mockito-core-5.2.0.jar:/Users/safisalem/.m2/repository/net/bytebuddy/byte-buddy/1.14.1/byte-buddy-1.14.1.jar:/Users/safisalem/.m2/repository/net/bytebuddy/byte-buddy-agent/1.14.1/byte-buddy-agent-1.14.1.jar:/Users/safisalem/.m2/repository/org/objenesis/objenesis/3.3/objenesis-3.3.jar:"/>
    <property name="java.vm.vendor" value="Homebrew"/>
    <property name="sun.arch.data.model" value="64"/>
    <property name="java.vendor.url" value="https://github.com/Homebrew/homebrew-core/issues"/>
    <property name="os.name" value="Mac OS X"/>
    <property name="java.vm.specification.version" value="21"/>
    <property name="sun.java.launcher" value="SUN_STANDARD"/>
    <property name="user.country" value="US"/>
    <property name="sun.boot.library.path" value="/opt/homebrew/Cellar/openjdk/21/libexec/openjdk.jdk/Contents/Home/lib"/>
    <property name="sun.java.command" value="/Users/safisalem/Desktop/code/cs321/cs321_groupProject/target/surefire/surefirebooter17965358684697916800.jar /Users/safisalem/Desktop/code/cs321/cs321_groupProject/target/surefire 2023-12-01T19-31-32_793-jvmRun1 surefire16398021850304450619tmp surefire_0932745437077967568tmp"/>
    <property name="http.nonProxyHosts" value="local|*.local|169.254/16|*.169.254/16"/>
    <property name="jdk.debug" value="release"/>
    <property name="surefire.test.class.path" value="/Users/safisalem/Desktop/code/cs321/cs321_groupProject/target/test-classes:/Users/safisalem/Desktop/code/cs321/cs321_groupProject/target/classes:/Users/safisalem/.m2/repository/junit/junit/4.13/junit-4.13.jar:/Users/safisalem/.m2/repository/org/openjfx/javafx-controls/11/javafx-controls-11.jar:/Users/safisalem/.m2/repository/org/openjfx/javafx-controls/11/javafx-controls-11-mac.jar:/Users/safisalem/.m2/repository/org/openjfx/javafx-graphics/11/javafx-graphics-11.jar:/Users/safisalem/.m2/repository/org/openjfx/javafx-graphics/11/javafx-graphics-11-mac.jar:/Users/safisalem/.m2/repository/org/openjfx/javafx-base/11/javafx-base-11.jar:/Users/safisalem/.m2/repository/org/openjfx/javafx-base/11/javafx-base-11-mac.jar:/Users/safisalem/.m2/repository/org/hamcrest/hamcrest-core/1.3/hamcrest-core-1.3.jar:/Users/safisalem/.m2/repository/org/junit/jupiter/junit-jupiter-engine/5.7.1/junit-jupiter-engine-5.7.1.jar:/Users/safisalem/.m2/repository/org/apiguardian/apiguardian-api/1.1.0/apiguardian-api-1.1.0.jar:/Users/safisalem/.m2/repository/org/junit/platform/junit-platform-engine/1.7.1/junit-platform-engine-1.7.1.jar:/Users/safisalem/.m2/repository/org/opentest4j/opentest4j/1.2.0/opentest4j-1.2.0.jar:/Users/safisalem/.m2/repository/org/junit/platform/junit-platform-commons/1.7.1/junit-platform-commons-1.7.1.jar:/Users/safisalem/.m2/repository/org/junit/jupiter/junit-jupiter-api/5.7.1/junit-jupiter-api-5.7.1.jar:/Users/safisalem/.m2/repository/org/junit/platform/junit-platform-runner/1.2.0/junit-platform-runner-1.2.0.jar:/Users/safisalem/.m2/repository/org/junit/platform/junit-platform-launcher/1.2.0/junit-platform-launcher-1.2.0.jar:/Users/safisalem/.m2/repository/org/junit/platform/junit-platform-suite-api/1.2.0/junit-platform-suite-api-1.2.0.jar:/Users/safisalem/.m2/repository/org/mockito/mockito-core/5.2.0/mockito-core-5.2.0.jar:/Users/safisalem/.m2/repository/net/bytebuddy/byte-buddy/1.14.1/byte-buddy-1.14.1.jar:/Users/safisalem/.m2/repository/net/bytebuddy/byte-buddy-agent/1.14.1/byte-buddy-agent-1.14.1.jar:/Users/safisalem/.m2/repository/org/objenesis/objenesis/3.3/objenesis-3.3.jar:"/>
    <property name="sun.cpu.endian" value="little"/>
    <property name="user.home" value="/Users/safisalem"/>
    <property name="user.language" value="en"/>
    <property name="java.specification.vendor" value="Oracle Corporation"/>
    <property name="java.version.date" value="2023-09-19"/>
    <property name="java.home" value="/opt/homebrew/Cellar/openjdk/21/libexec/openjdk.jdk/Contents/Home"/>
    <property name="file.separator" value="/"/>
    <property name="basedir" value="/Users/safisalem/Desktop/code/cs321/cs321_groupProject"/>
    <property name="java.vm.compressedOopsMode" value="Zero based"/>
    <property name="line.separator" value="&#10;"/>
    <property name="java.vm.specification.vendor" value="Oracle Corporation"/>
    <property name="java.specification.name" value="Java Platform API Specification"/>
    <property name="apple.awt.application.name" value="ForkedBooter"/>
    <property name="surefire.real.class.path" value="/Users/safisalem/Desktop/code/cs321/cs321_groupProject/target/surefire/surefirebooter17965358684697916800.jar"/>
    <property name="sun.management.compiler" value="HotSpot 64-Bit Tiered Compilers"/>
    <property name="ftp.nonProxyHosts" value="local|*.local|169.254/16|*.169.254/16"/>
    <property name="java.runtime.version" value="21"/>
    <property name="user.name" value="safisalem"/>
    <property name="stdout.encoding" value="UTF-8"/>
    <property name="path.separator" value=":"/>
    <property name="os.version" value="13.2.1"/>
    <property name="java.runtime.name" value="OpenJDK Runtime Environment"/>
    <property name="file.encoding" value="UTF-8"/>
    <property name="java.vm.name" value="OpenJDK 64-Bit Server VM"/>
    <property name="java.vendor.version" value="Homebrew"/>
    <property name="localRepository" value="/Users/safisalem/.m2/repository"/>
    <property name="java.vendor.url.bug" value="https://github.com/Homebrew/homebrew-core/issues"/>
    <property name="java.io.tmpdir" value="/var/folders/99/dmts1hqj78x8178wq507ssn80000gn/T/"/>
    <property name="java.version" value="21"/>
    <property name="user.dir" value="/Users/safisalem/Desktop/code/cs321/cs321_groupProject"/>
    <property name="os.arch" value="aarch64"/>
    <property name="java.vm.specification.name" value="Java Virtual Machine Specification"/>
    <property name="native.encoding" value="UTF-8"/>
    <property name="java.library.path" value="/Users/safisalem/Library/Java/Extensions:/Library/Java/Extensions:/Network/Library/Java/Extensions:/System/Library/Java/Extensions:/usr/lib/java:."/>
    <property name="java.vm.info" value="mixed mode, sharing"/>
    <property name="stderr.encoding" value="UTF-8"/>
    <property name="java.vendor" value="Homebrew"/>
    <property name="java.vm.version" value="21"/>
    <property name="sun.io.unicode.encoding" value="UnicodeBig"/>
    <property name="socksNonProxyHosts" value="local|*.local|169.254/16|*.169.254/16"/>
    <property name="java.class.version" value="65.0"/>
  </properties>
  <testcase name="testGetSetUUID" classname="com.gp321.app.ApplicationTest" time="0"/>
  <testcase name="testGetSetAlienApplicant" classname="com.gp321.app.ApplicationTest" time="0"/>
  <testcase name="testGetSetEmailFalse" classname="com.gp321.app.ApplicationTest" time="0"/>
  <testcase name="testToEmailFalse" classname="com.gp321.app.ApplicationTest" time="0"/>
  <testcase name="testGetSetEmailTrue" classname="com.gp321.app.ApplicationTest" time="0"/>
  <testcase name="testToEmailTrue" classname="com.gp321.app.ApplicationTest" time="0"/>
  <testcase name="testGetSetCitizenApplicant" classname="com.gp321.app.ApplicationTest" time="0"/>
  <testcase name="testGetSetEmailMessage" classname="com.gp321.app.ApplicationTest" time="0"/>
</testsuite>